<?xml version="1.0" encoding="UTF-8"?>
<!-- Generated by org.testng.reporters.JUnitXMLReporter -->
<testsuite ignored="2" hostname="DESKTOP-QNCMUP9" failures="0" tests="2" name="testng" time="0.112" errors="0" timestamp="2023-08-15T16:53:32 IST">
  <testcase classname="testng_pract.Testng_2" name="blue" time="0.014"/>
  <testcase classname="testng_pract.Testng_2" name="test" time="0.003"/>
  <testcase classname="testng_pract.Testng_2" name="orange" time="0.0">
    <ignored/>
  </testcase> <!-- orange -->
  <testcase classname="testng_pract.Testng_2" name="apple" time="0.0">
    <ignored/>
  </testcase> <!-- apple -->
</testsuite> <!-- testng -->
