<?xml version="1.0" encoding="UTF-8"?>
<testng-results ignored="0" total="1" passed="1" failed="0" skipped="0">
  <reporter-output>
  </reporter-output>
  <suite started-at="2023-10-13T18:53:35 IST" name="Default suite" finished-at="2023-10-13T18:53:35 IST" duration-ms="130">
    <groups>
    </groups>
    <test started-at="2023-10-13T18:53:35 IST" name="Default test" finished-at="2023-10-13T18:53:35 IST" duration-ms="130">
      <class name="tcid">
        <test-method signature="test()[pri:0, instance:tcid@41a0aa7d]" started-at="2023-10-13T18:53:35 IST" name="test" finished-at="2023-10-13T18:53:35 IST" duration-ms="15" status="PASS">
          <reporter-output>
          </reporter-output>
        </test-method> <!-- test -->
      </class> <!-- tcid -->
    </test> <!-- Default test -->
  </suite> <!-- Default suite -->
</testng-results>
